============================= test session starts =============================
platform win32 -- Python 3.13.5, pytest-9.0.2, pluggy-1.6.0
rootdir: C:\Users\jaksh\ai-career-partner\backend
plugins: anyio-4.9.0, langsmith-0.7.6
collected 5 items

app\tests\test_agents.py .FF                                             [ 60%]
app\tests\test_structure.py ..                                           [100%]

================================== FAILURES ===================================
____________________________ test_graph_rag_agent _____________________________

    def test_graph_rag_agent():
        result = graph_rag_agent(["Python"])
>       assert "Django" in result["related_skills"]
E       AssertionError: assert 'Django' in []

app\tests\test_agents.py:19: AssertionError
---------------------------- Captured stdout call -----------------------------
Error querying Neo4j for skill 'Python': Failed to DNS resolve address neo4j:7687: [Errno 11001] getaddrinfo failed
__________________________ test_interview_prep_agent __________________________

    def test_interview_prep_agent():
        result = interview_prep_agent("Job Desc", "Resume Summary")
>       assert len(result["questions"]) > 0
                   ^^^^^^^^^^^^^^^^^^^
E       KeyError: 'questions'

app\tests\test_agents.py:24: KeyError
============================== warnings summary ===============================
app/tests/test_agents.py::test_market_trends_agent
  C:\Users\jaksh\ai-career-partner\backend\app\agents\market_trends\agent.py:26: RuntimeWarning: This package (`duckduckgo_search`) has been renamed to `ddgs`! Use `pip install ddgs` instead.
    with DDGS() as ddgs:

-- Docs: https://docs.pytest.org/en/stable/how-to/capture-warnings.html
=========================== short test summary info ===========================
FAILED app/tests/test_agents.py::test_graph_rag_agent - AssertionError: asser...
FAILED app/tests/test_agents.py::test_interview_prep_agent - KeyError: 'quest...
=================== 2 failed, 3 passed, 1 warning in 8.03s ====================
